[2024-09-05T13:03:57.125+0530] {local_task_job_runner.py:123} INFO - ::group::Pre task execution logs
[2024-09-05T13:03:57.156+0530] {taskinstance.py:2603} INFO - Dependencies all met for dep_context=non-requeueable deps ti=<TaskInstance: ml_pipeline.load_data manual__2024-09-05T07:14:20.768463+00:00 [queued]>
[2024-09-05T13:03:57.174+0530] {taskinstance.py:2603} INFO - Dependencies all met for dep_context=requeueable deps ti=<TaskInstance: ml_pipeline.load_data manual__2024-09-05T07:14:20.768463+00:00 [queued]>
[2024-09-05T13:03:57.176+0530] {taskinstance.py:2856} INFO - Starting attempt 2 of 2
[2024-09-05T13:03:57.370+0530] {taskinstance.py:2879} INFO - Executing <Task(PythonOperator): load_data> on 2024-09-05 07:14:20.768463+00:00
[2024-09-05T13:03:57.379+0530] {standard_task_runner.py:72} INFO - Started process 52817 to run task
[2024-09-05T13:03:57.391+0530] {standard_task_runner.py:104} INFO - Running: ['airflow', 'tasks', 'run', 'ml_pipeline', 'load_data', 'manual__2024-09-05T07:14:20.768463+00:00', '--job-id', '5', '--raw', '--subdir', 'DAGS_FOLDER/aasampledag.py', '--cfg-path', '/tmp/tmpuuxgq6dm']
[2024-09-05T13:03:57.394+0530] {standard_task_runner.py:105} INFO - Job 5: Subtask load_data
[2024-09-05T13:03:57.658+0530] {task_command.py:467} INFO - Running <TaskInstance: ml_pipeline.load_data manual__2024-09-05T07:14:20.768463+00:00 [running]> on host 01-011889.idsil.loc
[2024-09-05T13:03:57.953+0530] {taskinstance.py:3122} INFO - Exporting env vars: AIRFLOW_CTX_DAG_OWNER='user' AIRFLOW_CTX_DAG_ID='ml_pipeline' AIRFLOW_CTX_TASK_ID='load_data' AIRFLOW_CTX_EXECUTION_DATE='2024-09-05T07:14:20.768463+00:00' AIRFLOW_CTX_TRY_NUMBER='2' AIRFLOW_CTX_DAG_RUN_ID='manual__2024-09-05T07:14:20.768463+00:00'
[2024-09-05T13:03:57.955+0530] {logging_mixin.py:190} INFO - Task instance is in running state
[2024-09-05T13:03:57.957+0530] {logging_mixin.py:190} INFO -  Previous state of the Task instance: queued
[2024-09-05T13:03:57.959+0530] {logging_mixin.py:190} INFO - Current task name:load_data state:running start_date:2024-09-05 07:33:57.159763+00:00
[2024-09-05T13:03:57.961+0530] {logging_mixin.py:190} INFO - Dag name:ml_pipeline and current dag run status:running
[2024-09-05T13:03:57.962+0530] {taskinstance.py:731} INFO - ::endgroup::
[2024-09-05T13:03:58.527+0530] {python.py:240} INFO - Done. Returned value was: None
[2024-09-05T13:03:58.577+0530] {taskinstance.py:340} INFO - ::group::Post task execution logs
[2024-09-05T13:03:58.582+0530] {taskinstance.py:352} INFO - Marking task as SUCCESS. dag_id=ml_pipeline, task_id=load_data, run_id=manual__2024-09-05T07:14:20.768463+00:00, execution_date=20240905T071420, start_date=20240905T073357, end_date=20240905T073358
[2024-09-05T13:03:58.815+0530] {logging_mixin.py:190} INFO - Task instance in success state
[2024-09-05T13:03:58.824+0530] {logging_mixin.py:190} INFO -  Previous state of the Task instance: running
[2024-09-05T13:03:58.829+0530] {logging_mixin.py:190} INFO - Dag name:ml_pipeline queued_at:2024-09-05 07:14:25.775381+00:00
[2024-09-05T13:03:58.834+0530] {logging_mixin.py:190} INFO - Task hostname:01-011889.idsil.loc operator:PythonOperator
[2024-09-05T13:03:58.854+0530] {local_task_job_runner.py:261} INFO - Task exited with return code 0
[2024-09-05T13:03:58.915+0530] {taskinstance.py:3891} INFO - 1 downstream tasks scheduled from follow-on schedule check
[2024-09-05T13:03:58.991+0530] {local_task_job_runner.py:240} INFO - ::endgroup::
