[2024-09-05T15:20:41.927+0530] {local_task_job_runner.py:123} INFO - ::group::Pre task execution logs
[2024-09-05T15:20:41.956+0530] {taskinstance.py:2603} INFO - Dependencies all met for dep_context=non-requeueable deps ti=<TaskInstance: ml_pipeline.load_data manual__2024-09-05T09:38:45.981858+00:00 [queued]>
[2024-09-05T15:20:41.972+0530] {taskinstance.py:2603} INFO - Dependencies all met for dep_context=requeueable deps ti=<TaskInstance: ml_pipeline.load_data manual__2024-09-05T09:38:45.981858+00:00 [queued]>
[2024-09-05T15:20:41.974+0530] {taskinstance.py:2856} INFO - Starting attempt 2 of 2
[2024-09-05T15:20:42.589+0530] {taskinstance.py:2879} INFO - Executing <Task(PythonOperator): load_data> on 2024-09-05 09:38:45.981858+00:00
[2024-09-05T15:20:42.597+0530] {standard_task_runner.py:72} INFO - Started process 76256 to run task
[2024-09-05T15:20:42.757+0530] {standard_task_runner.py:104} INFO - Running: ['airflow', 'tasks', 'run', 'ml_pipeline', 'load_data', 'manual__2024-09-05T09:38:45.981858+00:00', '--job-id', '10', '--raw', '--subdir', 'DAGS_FOLDER/aasampledag.py', '--cfg-path', '/tmp/tmpuwd253_x']
[2024-09-05T15:20:42.842+0530] {standard_task_runner.py:105} INFO - Job 10: Subtask load_data
[2024-09-05T15:20:43.292+0530] {task_command.py:467} INFO - Running <TaskInstance: ml_pipeline.load_data manual__2024-09-05T09:38:45.981858+00:00 [running]> on host 01-011889.idsil.loc
[2024-09-05T15:20:44.025+0530] {taskinstance.py:3122} INFO - Exporting env vars: AIRFLOW_CTX_DAG_OWNER='user' AIRFLOW_CTX_DAG_ID='ml_pipeline' AIRFLOW_CTX_TASK_ID='load_data' AIRFLOW_CTX_EXECUTION_DATE='2024-09-05T09:38:45.981858+00:00' AIRFLOW_CTX_TRY_NUMBER='2' AIRFLOW_CTX_DAG_RUN_ID='manual__2024-09-05T09:38:45.981858+00:00'
[2024-09-05T15:20:44.030+0530] {logging_mixin.py:190} INFO - Task instance is in running state
[2024-09-05T15:20:44.034+0530] {logging_mixin.py:190} INFO -  Previous state of the Task instance: queued
[2024-09-05T15:20:44.040+0530] {logging_mixin.py:190} INFO - Current task name:load_data state:running start_date:2024-09-05 09:50:41.958806+00:00
[2024-09-05T15:20:44.043+0530] {logging_mixin.py:190} INFO - Dag name:ml_pipeline and current dag run status:running
[2024-09-05T15:20:44.045+0530] {taskinstance.py:731} INFO - ::endgroup::
[2024-09-05T15:20:49.539+0530] {python.py:240} INFO - Done. Returned value was: None
[2024-09-05T15:20:49.568+0530] {taskinstance.py:340} INFO - ::group::Post task execution logs
[2024-09-05T15:20:49.570+0530] {taskinstance.py:352} INFO - Marking task as SUCCESS. dag_id=ml_pipeline, task_id=load_data, run_id=manual__2024-09-05T09:38:45.981858+00:00, execution_date=20240905T093845, start_date=20240905T095041, end_date=20240905T095049
[2024-09-05T15:20:49.763+0530] {logging_mixin.py:190} INFO - Task instance in success state
[2024-09-05T15:20:49.767+0530] {logging_mixin.py:190} INFO -  Previous state of the Task instance: running
[2024-09-05T15:20:49.770+0530] {logging_mixin.py:190} INFO - Dag name:ml_pipeline queued_at:2024-09-05 09:38:46.473977+00:00
[2024-09-05T15:20:49.774+0530] {logging_mixin.py:190} INFO - Task hostname:01-011889.idsil.loc operator:PythonOperator
[2024-09-05T15:20:49.802+0530] {local_task_job_runner.py:261} INFO - Task exited with return code 0
[2024-09-05T15:20:49.856+0530] {taskinstance.py:3891} INFO - 1 downstream tasks scheduled from follow-on schedule check
[2024-09-05T15:20:49.950+0530] {local_task_job_runner.py:240} INFO - ::endgroup::
